  Box.cpp
  BoxGenerator.cpp
  SolidGenerator.cpp
C:\Users\Alexandr___of\Desktop\UM\Ano3\Semestre2\CG\TP\CG-2022\Engine3D\SolidGenerator.cpp(8,44): warning C4244: 'argument': conversion from 'double' to 'float', possible loss of data
C:\Users\Alexandr___of\Desktop\UM\Ano3\Semestre2\CG\TP\CG-2022\Engine3D\SolidGenerator.cpp(8,29): warning C4244: 'argument': conversion from 'double' to 'float', possible loss of data
C:\Users\Alexandr___of\Desktop\UM\Ano3\Semestre2\CG\TP\CG-2022\Engine3D\SolidGenerator.cpp(12,33): warning C4244: 'argument': conversion from 'double' to 'float', possible loss of data
C:\Users\Alexandr___of\Desktop\UM\Ano3\Semestre2\CG\TP\CG-2022\Engine3D\SolidGenerator.cpp(17,32): warning C4244: 'argument': conversion from 'double' to 'float', possible loss of data
C:\Users\Alexandr___of\Desktop\UM\Ano3\Semestre2\CG\TP\CG-2022\Engine3D\SolidGenerator.cpp(21,20): warning C4244: 'argument': conversion from 'double' to 'float', possible loss of data
  Sphere.cpp
  SphereGenerator.cpp
C:\Users\Alexandr___of\Desktop\UM\Ano3\Semestre2\CG\TP\CG-2022\Engine3D\SphereGenerator.cpp(9,21): warning C4244: 'initializing': conversion from 'double' to 'float', possible loss of data
C:\Users\Alexandr___of\Desktop\UM\Ano3\Semestre2\CG\TP\CG-2022\Engine3D\SphereGenerator.cpp(10,21): warning C4244: 'initializing': conversion from 'double' to 'float', possible loss of data
C:\Users\Alexandr___of\Desktop\UM\Ano3\Semestre2\CG\TP\CG-2022\Engine3D\SphereGenerator.cpp(14,19): warning C4244: '=': conversion from 'double' to 'float', possible loss of data
C:\Users\Alexandr___of\Desktop\UM\Ano3\Semestre2\CG\TP\CG-2022\Engine3D\SphereGenerator.cpp(15,14): warning C4244: '=': conversion from 'double' to 'float', possible loss of data
C:\Users\Alexandr___of\Desktop\UM\Ano3\Semestre2\CG\TP\CG-2022\Engine3D\SphereGenerator.cpp(115,22): warning C4018: '<': signed/unsigned mismatch
  Generating code
  Compiler switch has changed, fall back to full compilation.
  All 441 functions were compiled because no usable IPDB/IOBJ from previous compilation was found.
  Finished generating code
  Generator.vcxproj -> C:\Users\Alexandr___of\Desktop\UM\Ano3\Semestre2\CG\TP\CG-2022\Engine3D\build\Release\Generator.exe
